[debug] [2021-05-28T20:05:43.170Z] ----------------------------------------------------------------------
[debug] [2021-05-28T20:05:43.173Z] Command:       C:\Program Files\nodejs\node.exe C:\Users\wwwsh\AppData\Roaming\npm\node_modules\firebase-tools\lib\bin\firebase.js emulators:start
[debug] [2021-05-28T20:05:43.173Z] CLI Version:   9.10.2
[debug] [2021-05-28T20:05:43.173Z] Platform:      win32
[debug] [2021-05-28T20:05:43.174Z] Node Version:  v12.18.2
[debug] [2021-05-28T20:05:43.175Z] Time:          Sat May 29 2021 01:35:43 GMT+0530 (India Standard Time)
[debug] [2021-05-28T20:05:43.175Z] ----------------------------------------------------------------------
[debug] 
[debug] [2021-05-28T20:05:43.187Z] > command requires scopes: ["email","openid","https://www.googleapis.com/auth/cloudplatformprojects.readonly","https://www.googleapis.com/auth/firebase","https://www.googleapis.com/auth/cloud-platform"]
[debug] [2021-05-28T20:05:43.187Z] > authorizing via signed-in user (shikhar.17.srivastava@st.niituniversity.in)
[info] i  emulators: Starting emulators: functions, hosting {"metadata":{"emulator":{"name":"hub"},"message":"Starting emulators: functions, hosting"}}
[warn] !  emulators: It seems that you are running multiple instances of the emulator suite for project clone-4277b. This may result in unexpected behavior. 
[debug] [2021-05-28T20:05:45.256Z] [hub] writing locator at C:\Users\wwwsh\AppData\Local\Temp\hub-clone-4277b.json
[warn] !  functions: The following emulators are not running, calls to these services from the Functions emulator will affect production: auth, firestore, database, pubsub {"metadata":{"emulator":{"name":"functions"},"message":"The following emulators are not running, calls to these services from the Functions emulator will affect production: \u001b[1mauth, firestore, database, pubsub\u001b[22m"}}
[info] +  functions: Using node@12 from host. {"metadata":{"emulator":{"name":"functions"},"message":"Using node@12 from host."}}
[debug] [2021-05-28T20:05:47.483Z] defaultcredentials: writing to file C:\Users\wwwsh\AppData\Roaming\firebase\shikhar_17.srivastava_st.niituniversity.in_application_default_credentials.json
[debug] [2021-05-28T20:05:47.491Z] Setting GAC to C:\Users\wwwsh\AppData\Roaming\firebase\shikhar_17.srivastava_st.niituniversity.in_application_default_credentials.json {"metadata":{"emulator":{"name":"functions"},"message":"Setting GAC to C:\\Users\\wwwsh\\AppData\\Roaming\\firebase\\shikhar_17.srivastava_st.niituniversity.in_application_default_credentials.json"}}
[debug] [2021-05-28T20:05:47.495Z] >>> [apiv2][query] GET https://firebase.googleapis.com/v1beta1/projects/clone-4277b/adminSdkConfig [none]
[debug] [2021-05-28T20:05:48.525Z] <<< [apiv2][status] GET https://firebase.googleapis.com/v1beta1/projects/clone-4277b/adminSdkConfig 200
[debug] [2021-05-28T20:05:48.526Z] <<< [apiv2][body] GET https://firebase.googleapis.com/v1beta1/projects/clone-4277b/adminSdkConfig {"projectId":"clone-4277b","storageBucket":"clone-4277b.appspot.com","locationId":"us-central"}
[debug] [2021-05-28T20:05:50.600Z] >>> [apiv2][query] GET https://firebasehosting.googleapis.com/v1beta1/projects/clone-4277b/sites 
[debug] [2021-05-28T20:05:52.796Z] <<< [apiv2][status] GET https://firebasehosting.googleapis.com/v1beta1/projects/clone-4277b/sites 200
[debug] [2021-05-28T20:05:52.797Z] <<< [apiv2][body] GET https://firebasehosting.googleapis.com/v1beta1/projects/clone-4277b/sites {"sites":[{"name":"projects/289417026213/sites/clone-4277b","defaultUrl":"https://clone-4277b.web.app","appId":"1:289417026213:web:04e41951fff885d2bd8b4c","type":"DEFAULT_SITE"}]}
[debug] [2021-05-28T20:05:52.798Z] >>> [apiv2][query] GET https://firebase.googleapis.com/v1beta1/projects/clone-4277b/webApps/1:289417026213:web:04e41951fff885d2bd8b4c/config [none]
[debug] [2021-05-28T20:05:54.647Z] <<< [apiv2][status] GET https://firebase.googleapis.com/v1beta1/projects/clone-4277b/webApps/1:289417026213:web:04e41951fff885d2bd8b4c/config 200
[debug] [2021-05-28T20:05:54.648Z] <<< [apiv2][body] GET https://firebase.googleapis.com/v1beta1/projects/clone-4277b/webApps/1:289417026213:web:04e41951fff885d2bd8b4c/config {"projectId":"clone-4277b","appId":"1:289417026213:web:04e41951fff885d2bd8b4c","storageBucket":"clone-4277b.appspot.com","locationId":"us-central","apiKey":"AIzaSyAmqF5KtrbXw_ARPeNjVspm7ax2KmYqa68","authDomain":"clone-4277b.firebaseapp.com","messagingSenderId":"289417026213","measurementId":"G-GTYD0MPZSL"}
[info] i  hosting: Serving hosting files from: build {"metadata":{"emulator":{"name":"hosting"},"message":"Serving hosting files from: \u001b[1mbuild\u001b[22m"}}
[info] +  hosting: Local server: http://localhost:5000 {"metadata":{"emulator":{"name":"hosting"},"message":"Local server: \u001b[4m\u001b[1mhttp://localhost:5000\u001b[22m\u001b[24m"}}
[warn] !  ui: Emulator UI unable to start on port 4000, starting on 4001 instead. {"metadata":{"emulator":{"name":"ui"},"message":"Emulator UI unable to start on port 4000, starting on 4001 instead."}}
[debug] [2021-05-28T20:05:56.800Z] Ignoring unsupported arg: auto_download {"metadata":{"emulator":{"name":"ui"},"message":"Ignoring unsupported arg: auto_download"}}
[debug] [2021-05-28T20:05:56.800Z] Ignoring unsupported arg: port {"metadata":{"emulator":{"name":"ui"},"message":"Ignoring unsupported arg: port"}}
[debug] [2021-05-28T20:05:56.800Z] Starting Emulator UI with command {"binary":"node","args":["C:\\Users\\wwwsh\\.cache\\firebase\\emulators\\ui-v1.4.2\\server.bundle.js"],"optionalArgs":[],"joinArgs":false} {"metadata":{"emulator":{"name":"ui"},"message":"Starting Emulator UI with command {\"binary\":\"node\",\"args\":[\"C:\\\\Users\\\\wwwsh\\\\.cache\\\\firebase\\\\emulators\\\\ui-v1.4.2\\\\server.bundle.js\"],\"optionalArgs\":[],\"joinArgs\":false}"}}
[info] i  ui: Emulator UI logging to ui-debug.log {"metadata":{"emulator":{"name":"ui"},"message":"Emulator UI logging to \u001b[1mui-debug.log\u001b[22m"}}
[debug] [2021-05-28T20:05:57.096Z] Web / API server started at http://localhost:4001
 {"metadata":{"emulator":{"name":"ui"},"message":"Web / API server started at http://localhost:4001\n"}}
[info] i  functions: Watching "F:\Studies\Projects\Clones\AmazonClone\amazon-clone\functions" for Cloud Functions... {"metadata":{"emulator":{"name":"functions"},"message":"Watching \"F:\\Studies\\Projects\\Clones\\AmazonClone\\amazon-clone\\functions\" for Cloud Functions..."}}
[debug] [2021-05-28T20:05:57.358Z] [worker-pool] addWorker(~diagnostic~) {"metadata":{"emulator":{"name":"functions"},"message":"[worker-pool] addWorker(~diagnostic~)"}}
[debug] [2021-05-28T20:05:57.358Z] [worker-pool] Adding worker with key ~diagnostic~, total=1 {"metadata":{"emulator":{"name":"functions"},"message":"[worker-pool] Adding worker with key ~diagnostic~, total=1"}}
[debug] [2021-05-28T20:05:57.359Z] [worker-pool] submitWork(triggerId=) {"metadata":{"emulator":{"name":"functions"},"message":"[worker-pool] submitWork(triggerId=)"}}
[debug] [2021-05-28T20:05:57.359Z] [worker-~diagnostic~-d7a83383-1c9a-4807-9d74-1bd143c7ee51]: Assigning socketPath: \\?\pipe\F:\Studies\Projects\Clones\AmazonClone\amazon-clone\functions\9704 {"metadata":{"emulator":{"name":"functions"},"message":"[worker-~diagnostic~-d7a83383-1c9a-4807-9d74-1bd143c7ee51]: Assigning socketPath: \\\\?\\pipe\\F:\\Studies\\Projects\\Clones\\AmazonClone\\amazon-clone\\functions\\9704"}}
[debug] [2021-05-28T20:05:57.360Z] [worker-~diagnostic~-d7a83383-1c9a-4807-9d74-1bd143c7ee51]: BUSY {"metadata":{"emulator":{"name":"functions"},"message":"[worker-~diagnostic~-d7a83383-1c9a-4807-9d74-1bd143c7ee51]: BUSY"}}
[debug] [2021-05-28T20:05:57.679Z] [runtime-status] [9704] Functions runtime initialized. {"cwd":"F:\\Studies\\Projects\\Clones\\AmazonClone\\amazon-clone\\functions","node_version":"12.18.2"} {"metadata":{"emulator":{"name":"functions"},"message":"[runtime-status] [9704] Functions runtime initialized. {\"cwd\":\"F:\\\\Studies\\\\Projects\\\\Clones\\\\AmazonClone\\\\amazon-clone\\\\functions\",\"node_version\":\"12.18.2\"}"}}
[debug] [2021-05-28T20:05:57.679Z] [runtime-status] [9704] Disabled runtime features: undefined {"metadata":{"emulator":{"name":"functions"},"message":"[runtime-status] [9704] Disabled runtime features: undefined"}}
[debug] [2021-05-28T20:05:57.683Z] [runtime-status] [9704] Resolved module firebase-admin {"declared":true,"installed":true,"version":"9.7.0","resolution":"F:\\Studies\\Projects\\Clones\\AmazonClone\\amazon-clone\\functions\\node_modules\\firebase-admin\\lib\\index.js"} {"metadata":{"emulator":{"name":"functions"},"message":"[runtime-status] [9704] Resolved module firebase-admin {\"declared\":true,\"installed\":true,\"version\":\"9.7.0\",\"resolution\":\"F:\\\\Studies\\\\Projects\\\\Clones\\\\AmazonClone\\\\amazon-clone\\\\functions\\\\node_modules\\\\firebase-admin\\\\lib\\\\index.js\"}"}}
[debug] [2021-05-28T20:05:57.685Z] [runtime-status] [9704] Resolved module firebase-functions {"declared":true,"installed":true,"version":"3.13.2","resolution":"F:\\Studies\\Projects\\Clones\\AmazonClone\\amazon-clone\\functions\\node_modules\\firebase-functions\\lib\\index.js"} {"metadata":{"emulator":{"name":"functions"},"message":"[runtime-status] [9704] Resolved module firebase-functions {\"declared\":true,\"installed\":true,\"version\":\"3.13.2\",\"resolution\":\"F:\\\\Studies\\\\Projects\\\\Clones\\\\AmazonClone\\\\amazon-clone\\\\functions\\\\node_modules\\\\firebase-functions\\\\lib\\\\index.js\"}"}}
[debug] [2021-05-28T20:05:57.686Z] [runtime-status] [9704] Resolved module firebase-functions {"declared":true,"installed":true,"version":"3.13.2","resolution":"F:\\Studies\\Projects\\Clones\\AmazonClone\\amazon-clone\\functions\\node_modules\\firebase-functions\\lib\\index.js"} {"metadata":{"emulator":{"name":"functions"},"message":"[runtime-status] [9704] Resolved module firebase-functions {\"declared\":true,\"installed\":true,\"version\":\"3.13.2\",\"resolution\":\"F:\\\\Studies\\\\Projects\\\\Clones\\\\AmazonClone\\\\amazon-clone\\\\functions\\\\node_modules\\\\firebase-functions\\\\lib\\\\index.js\"}"}}
[debug] [2021-05-28T20:05:57.688Z] [runtime-status] [9704] Outgoing network have been stubbed. [{"name":"http","status":"mocked"},{"name":"http","status":"mocked"},{"name":"https","status":"mocked"},{"name":"https","status":"mocked"},{"name":"net","status":"mocked"}] {"metadata":{"emulator":{"name":"functions"},"message":"[runtime-status] [9704] Outgoing network have been stubbed. [{\"name\":\"http\",\"status\":\"mocked\"},{\"name\":\"http\",\"status\":\"mocked\"},{\"name\":\"https\",\"status\":\"mocked\"},{\"name\":\"https\",\"status\":\"mocked\"},{\"name\":\"net\",\"status\":\"mocked\"}]"}}
[debug] [2021-05-28T20:05:57.689Z] [runtime-status] [9704] Resolved module firebase-functions {"declared":true,"installed":true,"version":"3.13.2","resolution":"F:\\Studies\\Projects\\Clones\\AmazonClone\\amazon-clone\\functions\\node_modules\\firebase-functions\\lib\\index.js"} {"metadata":{"emulator":{"name":"functions"},"message":"[runtime-status] [9704] Resolved module firebase-functions {\"declared\":true,\"installed\":true,\"version\":\"3.13.2\",\"resolution\":\"F:\\\\Studies\\\\Projects\\\\Clones\\\\AmazonClone\\\\amazon-clone\\\\functions\\\\node_modules\\\\firebase-functions\\\\lib\\\\index.js\"}"}}
[debug] [2021-05-28T20:05:57.747Z] [runtime-status] [9704] Checked functions.config() {"config":{}} {"metadata":{"emulator":{"name":"functions"},"message":"[runtime-status] [9704] Checked functions.config() {\"config\":{}}"}}
[debug] [2021-05-28T20:05:57.748Z] [runtime-status] [9704] firebase-functions has been stubbed. {"functionsResolution":{"declared":true,"installed":true,"version":"3.13.2","resolution":"F:\\Studies\\Projects\\Clones\\AmazonClone\\amazon-clone\\functions\\node_modules\\firebase-functions\\lib\\index.js"}} {"metadata":{"emulator":{"name":"functions"},"message":"[runtime-status] [9704] firebase-functions has been stubbed. {\"functionsResolution\":{\"declared\":true,\"installed\":true,\"version\":\"3.13.2\",\"resolution\":\"F:\\\\Studies\\\\Projects\\\\Clones\\\\AmazonClone\\\\amazon-clone\\\\functions\\\\node_modules\\\\firebase-functions\\\\lib\\\\index.js\"}}"}}
[debug] [2021-05-28T20:05:57.749Z] [runtime-status] [9704] Resolved module firebase-functions {"declared":true,"installed":true,"version":"3.13.2","resolution":"F:\\Studies\\Projects\\Clones\\AmazonClone\\amazon-clone\\functions\\node_modules\\firebase-functions\\lib\\index.js"} {"metadata":{"emulator":{"name":"functions"},"message":"[runtime-status] [9704] Resolved module firebase-functions {\"declared\":true,\"installed\":true,\"version\":\"3.13.2\",\"resolution\":\"F:\\\\Studies\\\\Projects\\\\Clones\\\\AmazonClone\\\\amazon-clone\\\\functions\\\\node_modules\\\\firebase-functions\\\\lib\\\\index.js\"}"}}
[debug] [2021-05-28T20:05:57.750Z] [runtime-status] [9704] Resolved module firebase-admin {"declared":true,"installed":true,"version":"9.7.0","resolution":"F:\\Studies\\Projects\\Clones\\AmazonClone\\amazon-clone\\functions\\node_modules\\firebase-admin\\lib\\index.js"} {"metadata":{"emulator":{"name":"functions"},"message":"[runtime-status] [9704] Resolved module firebase-admin {\"declared\":true,\"installed\":true,\"version\":\"9.7.0\",\"resolution\":\"F:\\\\Studies\\\\Projects\\\\Clones\\\\AmazonClone\\\\amazon-clone\\\\functions\\\\node_modules\\\\firebase-admin\\\\lib\\\\index.js\"}"}}
[debug] [2021-05-28T20:05:57.751Z] [runtime-status] [9704] Resolved module firebase-functions {"declared":true,"installed":true,"version":"3.13.2","resolution":"F:\\Studies\\Projects\\Clones\\AmazonClone\\amazon-clone\\functions\\node_modules\\firebase-functions\\lib\\index.js"} {"metadata":{"emulator":{"name":"functions"},"message":"[runtime-status] [9704] Resolved module firebase-functions {\"declared\":true,\"installed\":true,\"version\":\"3.13.2\",\"resolution\":\"F:\\\\Studies\\\\Projects\\\\Clones\\\\AmazonClone\\\\amazon-clone\\\\functions\\\\node_modules\\\\firebase-functions\\\\lib\\\\index.js\"}"}}
[debug] [2021-05-28T20:05:57.751Z] [runtime-status] [9704] firebase-admin has been stubbed. {"adminResolution":{"declared":true,"installed":true,"version":"9.7.0","resolution":"F:\\Studies\\Projects\\Clones\\AmazonClone\\amazon-clone\\functions\\node_modules\\firebase-admin\\lib\\index.js"}} {"metadata":{"emulator":{"name":"functions"},"message":"[runtime-status] [9704] firebase-admin has been stubbed. {\"adminResolution\":{\"declared\":true,\"installed\":true,\"version\":\"9.7.0\",\"resolution\":\"F:\\\\Studies\\\\Projects\\\\Clones\\\\AmazonClone\\\\amazon-clone\\\\functions\\\\node_modules\\\\firebase-admin\\\\lib\\\\index.js\"}}"}}
[info] +  functions[api]: http function initialized (http://localhost:5001/clone-4277b/us-central1/api). {"metadata":{"emulator":{"name":"functions"},"message":"\u001b[1mhttp\u001b[22m function initialized (http://localhost:5001/clone-4277b/us-central1/api)."}}
[info] 
┌─────────────────────────────────────────────────────────────┐
│ ✔  All emulators ready! It is now safe to connect your app. │
│ i  View Emulator UI at http://localhost:4001                │
└─────────────────────────────────────────────────────────────┘

┌───────────┬────────────────┬─────────────────────────────────┐
│ Emulator  │ Host:Port      │ View in Emulator UI             │
├───────────┼────────────────┼─────────────────────────────────┤
│ Functions │ localhost:5001 │ http://localhost:4001/functions │
├───────────┼────────────────┼─────────────────────────────────┤
│ Hosting   │ localhost:5000 │ n/a                             │
└───────────┴────────────────┴─────────────────────────────────┘
  Emulator Hub running at localhost:4400
  Other reserved ports: 4500

Issues? Report them at https://github.com/firebase/firebase-tools/issues and attach the *-debug.log files.
 
[debug] [2021-05-28T20:05:57.972Z] [worker-~diagnostic~-d7a83383-1c9a-4807-9d74-1bd143c7ee51]: IDLE {"metadata":{"emulator":{"name":"functions"},"message":"[worker-~diagnostic~-d7a83383-1c9a-4807-9d74-1bd143c7ee51]: IDLE"}}
[debug] [2021-05-28T20:07:07.794Z] [work-queue] {"queueLength":1,"workRunningCount":0}
[debug] [2021-05-28T20:07:07.795Z] [work-queue] {"queueLength":0,"workRunningCount":1}
[debug] [2021-05-28T20:07:07.796Z] Accepted request GET /clone-4277b/us-central1/api --> api
[debug] [2021-05-28T20:07:07.807Z] [worker-pool] addWorker(api) {"metadata":{"emulator":{"name":"functions"},"message":"[worker-pool] addWorker(api)"}}
[debug] [2021-05-28T20:07:07.808Z] [worker-pool] Adding worker with key api, total=1 {"metadata":{"emulator":{"name":"functions"},"message":"[worker-pool] Adding worker with key api, total=1"}}
[debug] [2021-05-28T20:07:07.808Z] [worker-pool] submitWork(triggerId=api) {"metadata":{"emulator":{"name":"functions"},"message":"[worker-pool] submitWork(triggerId=api)"}}
[debug] [2021-05-28T20:07:07.809Z] [worker-api-3cda133a-796d-4f7f-816a-7783343edb9f]: Assigning socketPath: \\?\pipe\F:\Studies\Projects\Clones\AmazonClone\amazon-clone\functions\13096 {"metadata":{"emulator":{"name":"functions"},"message":"[worker-api-3cda133a-796d-4f7f-816a-7783343edb9f]: Assigning socketPath: \\\\?\\pipe\\F:\\Studies\\Projects\\Clones\\AmazonClone\\amazon-clone\\functions\\13096"}}
[debug] [2021-05-28T20:07:07.809Z] [worker-api-3cda133a-796d-4f7f-816a-7783343edb9f]: BUSY {"metadata":{"emulator":{"name":"functions"},"message":"[worker-api-3cda133a-796d-4f7f-816a-7783343edb9f]: BUSY"}}
[debug] [2021-05-28T20:07:08.153Z] [runtime-status] [13096] Functions runtime initialized. {"cwd":"F:\\Studies\\Projects\\Clones\\AmazonClone\\amazon-clone\\functions","node_version":"12.18.2"} {"metadata":{"emulator":{"name":"functions"},"function":{"name":"api"},"message":"[runtime-status] [13096] Functions runtime initialized. {\"cwd\":\"F:\\\\Studies\\\\Projects\\\\Clones\\\\AmazonClone\\\\amazon-clone\\\\functions\",\"node_version\":\"12.18.2\"}"}}
[debug] [2021-05-28T20:07:08.155Z] [runtime-status] [13096] Disabled runtime features: undefined {"metadata":{"emulator":{"name":"functions"},"function":{"name":"api"},"message":"[runtime-status] [13096] Disabled runtime features: undefined"}}
[debug] [2021-05-28T20:07:08.159Z] [runtime-status] [13096] Resolved module firebase-admin {"declared":true,"installed":true,"version":"9.7.0","resolution":"F:\\Studies\\Projects\\Clones\\AmazonClone\\amazon-clone\\functions\\node_modules\\firebase-admin\\lib\\index.js"} {"metadata":{"emulator":{"name":"functions"},"function":{"name":"api"},"message":"[runtime-status] [13096] Resolved module firebase-admin {\"declared\":true,\"installed\":true,\"version\":\"9.7.0\",\"resolution\":\"F:\\\\Studies\\\\Projects\\\\Clones\\\\AmazonClone\\\\amazon-clone\\\\functions\\\\node_modules\\\\firebase-admin\\\\lib\\\\index.js\"}"}}
[debug] [2021-05-28T20:07:08.161Z] [runtime-status] [13096] Resolved module firebase-functions {"declared":true,"installed":true,"version":"3.13.2","resolution":"F:\\Studies\\Projects\\Clones\\AmazonClone\\amazon-clone\\functions\\node_modules\\firebase-functions\\lib\\index.js"} {"metadata":{"emulator":{"name":"functions"},"function":{"name":"api"},"message":"[runtime-status] [13096] Resolved module firebase-functions {\"declared\":true,\"installed\":true,\"version\":\"3.13.2\",\"resolution\":\"F:\\\\Studies\\\\Projects\\\\Clones\\\\AmazonClone\\\\amazon-clone\\\\functions\\\\node_modules\\\\firebase-functions\\\\lib\\\\index.js\"}"}}
[debug] [2021-05-28T20:07:08.162Z] [runtime-status] [13096] Resolved module firebase-functions {"declared":true,"installed":true,"version":"3.13.2","resolution":"F:\\Studies\\Projects\\Clones\\AmazonClone\\amazon-clone\\functions\\node_modules\\firebase-functions\\lib\\index.js"} {"metadata":{"emulator":{"name":"functions"},"function":{"name":"api"},"message":"[runtime-status] [13096] Resolved module firebase-functions {\"declared\":true,\"installed\":true,\"version\":\"3.13.2\",\"resolution\":\"F:\\\\Studies\\\\Projects\\\\Clones\\\\AmazonClone\\\\amazon-clone\\\\functions\\\\node_modules\\\\firebase-functions\\\\lib\\\\index.js\"}"}}
[debug] [2021-05-28T20:07:08.165Z] [runtime-status] [13096] Outgoing network have been stubbed. [{"name":"http","status":"mocked"},{"name":"http","status":"mocked"},{"name":"https","status":"mocked"},{"name":"https","status":"mocked"},{"name":"net","status":"mocked"}] {"metadata":{"emulator":{"name":"functions"},"function":{"name":"api"},"message":"[runtime-status] [13096] Outgoing network have been stubbed. [{\"name\":\"http\",\"status\":\"mocked\"},{\"name\":\"http\",\"status\":\"mocked\"},{\"name\":\"https\",\"status\":\"mocked\"},{\"name\":\"https\",\"status\":\"mocked\"},{\"name\":\"net\",\"status\":\"mocked\"}]"}}
[debug] [2021-05-28T20:07:08.166Z] [runtime-status] [13096] Resolved module firebase-functions {"declared":true,"installed":true,"version":"3.13.2","resolution":"F:\\Studies\\Projects\\Clones\\AmazonClone\\amazon-clone\\functions\\node_modules\\firebase-functions\\lib\\index.js"} {"metadata":{"emulator":{"name":"functions"},"function":{"name":"api"},"message":"[runtime-status] [13096] Resolved module firebase-functions {\"declared\":true,\"installed\":true,\"version\":\"3.13.2\",\"resolution\":\"F:\\\\Studies\\\\Projects\\\\Clones\\\\AmazonClone\\\\amazon-clone\\\\functions\\\\node_modules\\\\firebase-functions\\\\lib\\\\index.js\"}"}}
[debug] [2021-05-28T20:07:08.232Z] [runtime-status] [13096] Checked functions.config() {"config":{}} {"metadata":{"emulator":{"name":"functions"},"function":{"name":"api"},"message":"[runtime-status] [13096] Checked functions.config() {\"config\":{}}"}}
[debug] [2021-05-28T20:07:08.233Z] [runtime-status] [13096] firebase-functions has been stubbed. {"functionsResolution":{"declared":true,"installed":true,"version":"3.13.2","resolution":"F:\\Studies\\Projects\\Clones\\AmazonClone\\amazon-clone\\functions\\node_modules\\firebase-functions\\lib\\index.js"}} {"metadata":{"emulator":{"name":"functions"},"function":{"name":"api"},"message":"[runtime-status] [13096] firebase-functions has been stubbed. {\"functionsResolution\":{\"declared\":true,\"installed\":true,\"version\":\"3.13.2\",\"resolution\":\"F:\\\\Studies\\\\Projects\\\\Clones\\\\AmazonClone\\\\amazon-clone\\\\functions\\\\node_modules\\\\firebase-functions\\\\lib\\\\index.js\"}}"}}
[debug] [2021-05-28T20:07:08.233Z] [runtime-status] [13096] Resolved module firebase-functions {"declared":true,"installed":true,"version":"3.13.2","resolution":"F:\\Studies\\Projects\\Clones\\AmazonClone\\amazon-clone\\functions\\node_modules\\firebase-functions\\lib\\index.js"} {"metadata":{"emulator":{"name":"functions"},"function":{"name":"api"},"message":"[runtime-status] [13096] Resolved module firebase-functions {\"declared\":true,\"installed\":true,\"version\":\"3.13.2\",\"resolution\":\"F:\\\\Studies\\\\Projects\\\\Clones\\\\AmazonClone\\\\amazon-clone\\\\functions\\\\node_modules\\\\firebase-functions\\\\lib\\\\index.js\"}"}}
[debug] [2021-05-28T20:07:08.235Z] [runtime-status] [13096] Resolved module firebase-admin {"declared":true,"installed":true,"version":"9.7.0","resolution":"F:\\Studies\\Projects\\Clones\\AmazonClone\\amazon-clone\\functions\\node_modules\\firebase-admin\\lib\\index.js"} {"metadata":{"emulator":{"name":"functions"},"function":{"name":"api"},"message":"[runtime-status] [13096] Resolved module firebase-admin {\"declared\":true,\"installed\":true,\"version\":\"9.7.0\",\"resolution\":\"F:\\\\Studies\\\\Projects\\\\Clones\\\\AmazonClone\\\\amazon-clone\\\\functions\\\\node_modules\\\\firebase-admin\\\\lib\\\\index.js\"}"}}
[debug] [2021-05-28T20:07:08.236Z] [runtime-status] [13096] Resolved module firebase-functions {"declared":true,"installed":true,"version":"3.13.2","resolution":"F:\\Studies\\Projects\\Clones\\AmazonClone\\amazon-clone\\functions\\node_modules\\firebase-functions\\lib\\index.js"} {"metadata":{"emulator":{"name":"functions"},"function":{"name":"api"},"message":"[runtime-status] [13096] Resolved module firebase-functions {\"declared\":true,\"installed\":true,\"version\":\"3.13.2\",\"resolution\":\"F:\\\\Studies\\\\Projects\\\\Clones\\\\AmazonClone\\\\amazon-clone\\\\functions\\\\node_modules\\\\firebase-functions\\\\lib\\\\index.js\"}"}}
[debug] [2021-05-28T20:07:08.236Z] [runtime-status] [13096] firebase-admin has been stubbed. {"adminResolution":{"declared":true,"installed":true,"version":"9.7.0","resolution":"F:\\Studies\\Projects\\Clones\\AmazonClone\\amazon-clone\\functions\\node_modules\\firebase-admin\\lib\\index.js"}} {"metadata":{"emulator":{"name":"functions"},"function":{"name":"api"},"message":"[runtime-status] [13096] firebase-admin has been stubbed. {\"adminResolution\":{\"declared\":true,\"installed\":true,\"version\":\"9.7.0\",\"resolution\":\"F:\\\\Studies\\\\Projects\\\\Clones\\\\AmazonClone\\\\amazon-clone\\\\functions\\\\node_modules\\\\firebase-admin\\\\lib\\\\index.js\"}}"}}
[debug] [2021-05-28T20:07:08.459Z] [runtime-status] [13096] Trigger "api" has been found, beginning invocation! {"metadata":{"emulator":{"name":"functions"},"function":{"name":"api"},"message":"[runtime-status] [13096] Trigger \"api\" has been found, beginning invocation!"}}
[info] i  functions: Beginning execution of "api" {"metadata":{"emulator":{"name":"functions"},"function":{"name":"api"},"message":"Beginning execution of \"api\""}}
[debug] [2021-05-28T20:07:08.462Z] [runtime-status] [13096] triggerDefinition {"httpsTrigger":{},"name":"api","entryPoint":"api"} {"metadata":{"emulator":{"name":"functions"},"function":{"name":"api"},"message":"[runtime-status] [13096] triggerDefinition {\"httpsTrigger\":{},\"name\":\"api\",\"entryPoint\":\"api\"}"}}
[debug] [2021-05-28T20:07:08.462Z] [runtime-status] [13096] Running api in mode HTTPS {"metadata":{"emulator":{"name":"functions"},"function":{"name":"api"},"message":"[runtime-status] [13096] Running api in mode HTTPS"}}
[debug] [2021-05-28T20:07:08.469Z] [runtime-status] [13096] Attempting to listen to socketPath: \\?\pipe\F:\Studies\Projects\Clones\AmazonClone\amazon-clone\functions\13096 {"metadata":{"emulator":{"name":"functions"},"function":{"name":"api"},"message":"[runtime-status] [13096] Attempting to listen to socketPath: \\\\?\\pipe\\F:\\Studies\\Projects\\Clones\\AmazonClone\\amazon-clone\\functions\\13096"}}
[debug] [2021-05-28T20:07:08.474Z] [functions] Runtime ready! Sending request! {"metadata":{"emulator":{"name":"functions"},"message":"[functions] Runtime ready! Sending request!"}}
[debug] [2021-05-28T20:07:08.475Z] [functions] Got req.url=/clone-4277b/us-central1/api, mapping to path=/ {"metadata":{"emulator":{"name":"functions"},"message":"[functions] Got req.url=/clone-4277b/us-central1/api, mapping to path=/"}}
[debug] [2021-05-28T20:07:08.493Z] [runtime-status] [13096] Ephemeral server handling GET request {"metadata":{"emulator":{"name":"functions"},"function":{"name":"api"},"message":"[runtime-status] [13096] Ephemeral server handling GET request"}}
[debug] [2021-05-28T20:07:08.506Z] [runtime-status] [13096] Ephemeral server survived. {"metadata":{"emulator":{"name":"functions"},"function":{"name":"api"},"message":"[runtime-status] [13096] Ephemeral server survived."}}
[info] i  functions: Finished "api" in ~1s {"metadata":{"emulator":{"name":"functions"},"function":{"name":"api"},"message":"Finished \"api\" in ~1s"}}
[debug] [2021-05-28T20:07:08.517Z] [worker-api-3cda133a-796d-4f7f-816a-7783343edb9f]: IDLE {"metadata":{"emulator":{"name":"functions"},"message":"[worker-api-3cda133a-796d-4f7f-816a-7783343edb9f]: IDLE"}}
[debug] [2021-05-28T20:07:08.517Z] [work-queue] {"queueLength":0,"workRunningCount":0}
[debug] [2021-05-28T20:20:28.792Z] [work-queue] {"queueLength":1,"workRunningCount":0}
[debug] [2021-05-28T20:20:28.792Z] [work-queue] {"queueLength":0,"workRunningCount":1}
[debug] [2021-05-28T20:20:28.793Z] Accepted request POST /clone-4277b/us-central1/api/payments/create?total=30600 --> api
[debug] [2021-05-28T20:20:28.793Z] [worker-pool] submitWork(triggerId=api) {"metadata":{"emulator":{"name":"functions"},"message":"[worker-pool] submitWork(triggerId=api)"}}
[debug] [2021-05-28T20:20:28.793Z] [worker-api-3cda133a-796d-4f7f-816a-7783343edb9f]: Assigning socketPath: \\?\pipe\F:\Studies\Projects\Clones\AmazonClone\amazon-clone\functions\13096 {"metadata":{"emulator":{"name":"functions"},"message":"[worker-api-3cda133a-796d-4f7f-816a-7783343edb9f]: Assigning socketPath: \\\\?\\pipe\\F:\\Studies\\Projects\\Clones\\AmazonClone\\amazon-clone\\functions\\13096"}}
[debug] [2021-05-28T20:20:28.794Z] [worker-api-3cda133a-796d-4f7f-816a-7783343edb9f]: BUSY {"metadata":{"emulator":{"name":"functions"},"message":"[worker-api-3cda133a-796d-4f7f-816a-7783343edb9f]: BUSY"}}
[debug] [2021-05-28T20:20:28.796Z] [runtime-status] [13096] Trigger "api" has been found, beginning invocation! {"metadata":{"emulator":{"name":"functions"},"function":{"name":"api"},"message":"[runtime-status] [13096] Trigger \"api\" has been found, beginning invocation!"}}
[info] i  functions: Beginning execution of "api" {"metadata":{"emulator":{"name":"functions"},"function":{"name":"api"},"message":"Beginning execution of \"api\""}}
[debug] [2021-05-28T20:20:28.797Z] [runtime-status] [13096] triggerDefinition {"httpsTrigger":{},"name":"api","entryPoint":"api"} {"metadata":{"emulator":{"name":"functions"},"function":{"name":"api"},"message":"[runtime-status] [13096] triggerDefinition {\"httpsTrigger\":{},\"name\":\"api\",\"entryPoint\":\"api\"}"}}
[debug] [2021-05-28T20:20:28.798Z] [runtime-status] [13096] Running api in mode HTTPS {"metadata":{"emulator":{"name":"functions"},"function":{"name":"api"},"message":"[runtime-status] [13096] Running api in mode HTTPS"}}
[debug] [2021-05-28T20:20:28.799Z] [runtime-status] [13096] Attempting to listen to socketPath: \\?\pipe\F:\Studies\Projects\Clones\AmazonClone\amazon-clone\functions\13096 {"metadata":{"emulator":{"name":"functions"},"function":{"name":"api"},"message":"[runtime-status] [13096] Attempting to listen to socketPath: \\\\?\\pipe\\F:\\Studies\\Projects\\Clones\\AmazonClone\\amazon-clone\\functions\\13096"}}
[debug] [2021-05-28T20:20:28.800Z] [functions] Runtime ready! Sending request! {"metadata":{"emulator":{"name":"functions"},"message":"[functions] Runtime ready! Sending request!"}}
[debug] [2021-05-28T20:20:28.802Z] [functions] Got req.url=/clone-4277b/us-central1/api/payments/create?total=30600, mapping to path=/payments/create?total=30600 {"metadata":{"emulator":{"name":"functions"},"message":"[functions] Got req.url=/clone-4277b/us-central1/api/payments/create?total=30600, mapping to path=/payments/create?total=30600"}}
[debug] [2021-05-28T20:20:28.811Z] [runtime-status] [13096] Ephemeral server handling POST request {"metadata":{"emulator":{"name":"functions"},"function":{"name":"api"},"message":"[runtime-status] [13096] Ephemeral server handling POST request"}}
[info] >  Payment Request Recieved BOOM!!! for this amount >>>  30600 {"user":"Payment Request Recieved BOOM!!! for this amount >>>  30600","metadata":{"emulator":{"name":"functions"},"function":{"name":"api"},"message":"\u001b[90m> \u001b[39m Payment Request Recieved BOOM!!! for this amount >>>  30600"}}
[debug] [2021-05-28T20:20:28.830Z] [runtime-status] [13096] Ephemeral server survived. {"metadata":{"emulator":{"name":"functions"},"function":{"name":"api"},"message":"[runtime-status] [13096] Ephemeral server survived."}}
[info] i  functions: Finished "api" in ~1s {"metadata":{"emulator":{"name":"functions"},"function":{"name":"api"},"message":"Finished \"api\" in ~1s"}}
[debug] [2021-05-28T20:20:30.179Z] [worker-api-3cda133a-796d-4f7f-816a-7783343edb9f]: IDLE {"metadata":{"emulator":{"name":"functions"},"message":"[worker-api-3cda133a-796d-4f7f-816a-7783343edb9f]: IDLE"}}
[debug] [2021-05-28T20:20:30.180Z] [work-queue] {"queueLength":0,"workRunningCount":0}
[debug] [2021-05-28T20:20:53.489Z] [work-queue] {"queueLength":1,"workRunningCount":0}
[debug] [2021-05-28T20:20:53.490Z] [work-queue] {"queueLength":0,"workRunningCount":1}
[debug] [2021-05-28T20:20:53.491Z] Accepted request POST /clone-4277b/us-central1/api/payments/create?total=0 --> api
[debug] [2021-05-28T20:20:53.491Z] [worker-pool] submitWork(triggerId=api) {"metadata":{"emulator":{"name":"functions"},"message":"[worker-pool] submitWork(triggerId=api)"}}
[debug] [2021-05-28T20:20:53.491Z] [worker-api-3cda133a-796d-4f7f-816a-7783343edb9f]: Assigning socketPath: \\?\pipe\F:\Studies\Projects\Clones\AmazonClone\amazon-clone\functions\13096 {"metadata":{"emulator":{"name":"functions"},"message":"[worker-api-3cda133a-796d-4f7f-816a-7783343edb9f]: Assigning socketPath: \\\\?\\pipe\\F:\\Studies\\Projects\\Clones\\AmazonClone\\amazon-clone\\functions\\13096"}}
[debug] [2021-05-28T20:20:53.492Z] [worker-api-3cda133a-796d-4f7f-816a-7783343edb9f]: BUSY {"metadata":{"emulator":{"name":"functions"},"message":"[worker-api-3cda133a-796d-4f7f-816a-7783343edb9f]: BUSY"}}
[debug] [2021-05-28T20:20:53.494Z] [runtime-status] [13096] Trigger "api" has been found, beginning invocation! {"metadata":{"emulator":{"name":"functions"},"function":{"name":"api"},"message":"[runtime-status] [13096] Trigger \"api\" has been found, beginning invocation!"}}
[info] i  functions: Beginning execution of "api" {"metadata":{"emulator":{"name":"functions"},"function":{"name":"api"},"message":"Beginning execution of \"api\""}}
[debug] [2021-05-28T20:20:53.498Z] [runtime-status] [13096] triggerDefinition {"httpsTrigger":{},"name":"api","entryPoint":"api"} {"metadata":{"emulator":{"name":"functions"},"function":{"name":"api"},"message":"[runtime-status] [13096] triggerDefinition {\"httpsTrigger\":{},\"name\":\"api\",\"entryPoint\":\"api\"}"}}
[debug] [2021-05-28T20:20:53.499Z] [runtime-status] [13096] Running api in mode HTTPS {"metadata":{"emulator":{"name":"functions"},"function":{"name":"api"},"message":"[runtime-status] [13096] Running api in mode HTTPS"}}
[debug] [2021-05-28T20:20:53.500Z] [runtime-status] [13096] Attempting to listen to socketPath: \\?\pipe\F:\Studies\Projects\Clones\AmazonClone\amazon-clone\functions\13096 {"metadata":{"emulator":{"name":"functions"},"function":{"name":"api"},"message":"[runtime-status] [13096] Attempting to listen to socketPath: \\\\?\\pipe\\F:\\Studies\\Projects\\Clones\\AmazonClone\\amazon-clone\\functions\\13096"}}
[debug] [2021-05-28T20:20:53.502Z] [functions] Runtime ready! Sending request! {"metadata":{"emulator":{"name":"functions"},"message":"[functions] Runtime ready! Sending request!"}}
[debug] [2021-05-28T20:20:53.503Z] [functions] Got req.url=/clone-4277b/us-central1/api/payments/create?total=0, mapping to path=/payments/create?total=0 {"metadata":{"emulator":{"name":"functions"},"message":"[functions] Got req.url=/clone-4277b/us-central1/api/payments/create?total=0, mapping to path=/payments/create?total=0"}}
[debug] [2021-05-28T20:20:53.508Z] [runtime-status] [13096] Ephemeral server handling POST request {"metadata":{"emulator":{"name":"functions"},"function":{"name":"api"},"message":"[runtime-status] [13096] Ephemeral server handling POST request"}}
[info] >  Payment Request Recieved BOOM!!! for this amount >>>  0 {"user":"Payment Request Recieved BOOM!!! for this amount >>>  0","metadata":{"emulator":{"name":"functions"},"function":{"name":"api"},"message":"\u001b[90m> \u001b[39m Payment Request Recieved BOOM!!! for this amount >>>  0"}}
[debug] [2021-05-28T20:20:53.512Z] [runtime-status] [13096] Ephemeral server survived. {"metadata":{"emulator":{"name":"functions"},"function":{"name":"api"},"message":"[runtime-status] [13096] Ephemeral server survived."}}
[info] >  (node:13096) UnhandledPromiseRejectionWarning: Error: This value must be greater than or equal to 1. {"user":"(node:13096) UnhandledPromiseRejectionWarning: Error: This value must be greater than or equal to 1.","metadata":{"emulator":{"name":"functions"},"function":{"name":"api"},"message":"\u001b[90m> \u001b[39m (node:13096) UnhandledPromiseRejectionWarning: Error: This value must be greater than or equal to 1."}}
[info] >      at Function.generate (F:\Studies\Projects\Clones\AmazonClone\amazon-clone\functions\node_modules\stripe\lib\Error.js:40:16) {"user":"    at Function.generate (F:\\Studies\\Projects\\Clones\\AmazonClone\\amazon-clone\\functions\\node_modules\\stripe\\lib\\Error.js:40:16)","metadata":{"emulator":{"name":"functions"},"function":{"name":"api"},"message":"\u001b[90m> \u001b[39m     at Function.generate (F:\\Studies\\Projects\\Clones\\AmazonClone\\amazon-clone\\functions\\node_modules\\stripe\\lib\\Error.js:40:16)"}}
[info] >      at IncomingMessage.<anonymous> (F:\Studies\Projects\Clones\AmazonClone\amazon-clone\functions\node_modules\stripe\lib\StripeResource.js:180:33) {"user":"    at IncomingMessage.<anonymous> (F:\\Studies\\Projects\\Clones\\AmazonClone\\amazon-clone\\functions\\node_modules\\stripe\\lib\\StripeResource.js:180:33)","metadata":{"emulator":{"name":"functions"},"function":{"name":"api"},"message":"\u001b[90m> \u001b[39m     at IncomingMessage.<anonymous> (F:\\Studies\\Projects\\Clones\\AmazonClone\\amazon-clone\\functions\\node_modules\\stripe\\lib\\StripeResource.js:180:33)"}}
[info] >      at Object.onceWrapper (events.js:421:28) {"user":"    at Object.onceWrapper (events.js:421:28)","metadata":{"emulator":{"name":"functions"},"function":{"name":"api"},"message":"\u001b[90m> \u001b[39m     at Object.onceWrapper (events.js:421:28)"}}
[info] >      at IncomingMessage.emit (events.js:327:22) {"user":"    at IncomingMessage.emit (events.js:327:22)","metadata":{"emulator":{"name":"functions"},"function":{"name":"api"},"message":"\u001b[90m> \u001b[39m     at IncomingMessage.emit (events.js:327:22)"}}
[info] >      at endReadableNT (_stream_readable.js:1221:12) {"user":"    at endReadableNT (_stream_readable.js:1221:12)","metadata":{"emulator":{"name":"functions"},"function":{"name":"api"},"message":"\u001b[90m> \u001b[39m     at endReadableNT (_stream_readable.js:1221:12)"}}
[info] >      at processTicksAndRejections (internal/process/task_queues.js:84:21) {"user":"    at processTicksAndRejections (internal/process/task_queues.js:84:21)","metadata":{"emulator":{"name":"functions"},"function":{"name":"api"},"message":"\u001b[90m> \u001b[39m     at processTicksAndRejections (internal/process/task_queues.js:84:21)"}}
[info] >  (node:13096) UnhandledPromiseRejectionWarning: Unhandled promise rejection. This error originated either by throwing inside of an async function without a catch block, or by rejecting a promise which was not handled with .catch(). To terminate the node process on unhandled promise rejection, use the CLI flag `--unhandled-rejections=strict` (see https://nodejs.org/api/cli.html#cli_unhandled_rejections_mode). (rejection id: 1) {"user":"(node:13096) UnhandledPromiseRejectionWarning: Unhandled promise rejection. This error originated either by throwing inside of an async function without a catch block, or by rejecting a promise which was not handled with .catch(). To terminate the node process on unhandled promise rejection, use the CLI flag `--unhandled-rejections=strict` (see https://nodejs.org/api/cli.html#cli_unhandled_rejections_mode). (rejection id: 1)","metadata":{"emulator":{"name":"functions"},"function":{"name":"api"},"message":"\u001b[90m> \u001b[39m (node:13096) UnhandledPromiseRejectionWarning: Unhandled promise rejection. This error originated either by throwing inside of an async function without a catch block, or by rejecting a promise which was not handled with .catch(). To terminate the node process on unhandled promise rejection, use the CLI flag `--unhandled-rejections=strict` (see https://nodejs.org/api/cli.html#cli_unhandled_rejections_mode). (rejection id: 1)"}}
[info] >  (node:13096) [DEP0018] DeprecationWarning: Unhandled promise rejections are deprecated. In the future, promise rejections that are not handled will terminate the Node.js process with a non-zero exit code. {"user":"(node:13096) [DEP0018] DeprecationWarning: Unhandled promise rejections are deprecated. In the future, promise rejections that are not handled will terminate the Node.js process with a non-zero exit code.","metadata":{"emulator":{"name":"functions"},"function":{"name":"api"},"message":"\u001b[90m> \u001b[39m (node:13096) [DEP0018] DeprecationWarning: Unhandled promise rejections are deprecated. In the future, promise rejections that are not handled will terminate the Node.js process with a non-zero exit code."}}
[debug] [2021-05-28T20:21:51.233Z] [work-queue] {"queueLength":1,"workRunningCount":1}
[debug] [2021-05-28T20:21:51.234Z] [work-queue] {"queueLength":0,"workRunningCount":2}
[debug] [2021-05-28T20:21:51.234Z] Accepted request POST /clone-4277b/us-central1/api/payments/create?total=32000 --> api
[debug] [2021-05-28T20:21:51.242Z] [worker-pool] addWorker(api) {"metadata":{"emulator":{"name":"functions"},"message":"[worker-pool] addWorker(api)"}}
[debug] [2021-05-28T20:21:51.243Z] [worker-pool] Adding worker with key api, total=2 {"metadata":{"emulator":{"name":"functions"},"message":"[worker-pool] Adding worker with key api, total=2"}}
[debug] [2021-05-28T20:21:51.243Z] [worker-pool] submitWork(triggerId=api) {"metadata":{"emulator":{"name":"functions"},"message":"[worker-pool] submitWork(triggerId=api)"}}
[debug] [2021-05-28T20:21:51.243Z] [worker-api-d86e264d-e391-46fd-8002-933e43d13247]: Assigning socketPath: \\?\pipe\F:\Studies\Projects\Clones\AmazonClone\amazon-clone\functions\5752 {"metadata":{"emulator":{"name":"functions"},"message":"[worker-api-d86e264d-e391-46fd-8002-933e43d13247]: Assigning socketPath: \\\\?\\pipe\\F:\\Studies\\Projects\\Clones\\AmazonClone\\amazon-clone\\functions\\5752"}}
[debug] [2021-05-28T20:21:51.243Z] [worker-api-d86e264d-e391-46fd-8002-933e43d13247]: BUSY {"metadata":{"emulator":{"name":"functions"},"message":"[worker-api-d86e264d-e391-46fd-8002-933e43d13247]: BUSY"}}
[debug] [2021-05-28T20:21:51.729Z] [runtime-status] [5752] Functions runtime initialized. {"cwd":"F:\\Studies\\Projects\\Clones\\AmazonClone\\amazon-clone\\functions","node_version":"12.18.2"} {"metadata":{"emulator":{"name":"functions"},"function":{"name":"api"},"message":"[runtime-status] [5752] Functions runtime initialized. {\"cwd\":\"F:\\\\Studies\\\\Projects\\\\Clones\\\\AmazonClone\\\\amazon-clone\\\\functions\",\"node_version\":\"12.18.2\"}"}}
[debug] [2021-05-28T20:21:51.731Z] [runtime-status] [5752] Disabled runtime features: undefined {"metadata":{"emulator":{"name":"functions"},"function":{"name":"api"},"message":"[runtime-status] [5752] Disabled runtime features: undefined"}}
[debug] [2021-05-28T20:21:51.740Z] [runtime-status] [5752] Resolved module firebase-admin {"declared":true,"installed":true,"version":"9.7.0","resolution":"F:\\Studies\\Projects\\Clones\\AmazonClone\\amazon-clone\\functions\\node_modules\\firebase-admin\\lib\\index.js"} {"metadata":{"emulator":{"name":"functions"},"function":{"name":"api"},"message":"[runtime-status] [5752] Resolved module firebase-admin {\"declared\":true,\"installed\":true,\"version\":\"9.7.0\",\"resolution\":\"F:\\\\Studies\\\\Projects\\\\Clones\\\\AmazonClone\\\\amazon-clone\\\\functions\\\\node_modules\\\\firebase-admin\\\\lib\\\\index.js\"}"}}
[debug] [2021-05-28T20:21:51.744Z] [runtime-status] [5752] Resolved module firebase-functions {"declared":true,"installed":true,"version":"3.13.2","resolution":"F:\\Studies\\Projects\\Clones\\AmazonClone\\amazon-clone\\functions\\node_modules\\firebase-functions\\lib\\index.js"} {"metadata":{"emulator":{"name":"functions"},"function":{"name":"api"},"message":"[runtime-status] [5752] Resolved module firebase-functions {\"declared\":true,\"installed\":true,\"version\":\"3.13.2\",\"resolution\":\"F:\\\\Studies\\\\Projects\\\\Clones\\\\AmazonClone\\\\amazon-clone\\\\functions\\\\node_modules\\\\firebase-functions\\\\lib\\\\index.js\"}"}}
[debug] [2021-05-28T20:21:51.746Z] [runtime-status] [5752] Resolved module firebase-functions {"declared":true,"installed":true,"version":"3.13.2","resolution":"F:\\Studies\\Projects\\Clones\\AmazonClone\\amazon-clone\\functions\\node_modules\\firebase-functions\\lib\\index.js"} {"metadata":{"emulator":{"name":"functions"},"function":{"name":"api"},"message":"[runtime-status] [5752] Resolved module firebase-functions {\"declared\":true,\"installed\":true,\"version\":\"3.13.2\",\"resolution\":\"F:\\\\Studies\\\\Projects\\\\Clones\\\\AmazonClone\\\\amazon-clone\\\\functions\\\\node_modules\\\\firebase-functions\\\\lib\\\\index.js\"}"}}
[debug] [2021-05-28T20:21:51.753Z] [runtime-status] [5752] Outgoing network have been stubbed. [{"name":"http","status":"mocked"},{"name":"http","status":"mocked"},{"name":"https","status":"mocked"},{"name":"https","status":"mocked"},{"name":"net","status":"mocked"}] {"metadata":{"emulator":{"name":"functions"},"function":{"name":"api"},"message":"[runtime-status] [5752] Outgoing network have been stubbed. [{\"name\":\"http\",\"status\":\"mocked\"},{\"name\":\"http\",\"status\":\"mocked\"},{\"name\":\"https\",\"status\":\"mocked\"},{\"name\":\"https\",\"status\":\"mocked\"},{\"name\":\"net\",\"status\":\"mocked\"}]"}}
[debug] [2021-05-28T20:21:51.753Z] [runtime-status] [5752] Resolved module firebase-functions {"declared":true,"installed":true,"version":"3.13.2","resolution":"F:\\Studies\\Projects\\Clones\\AmazonClone\\amazon-clone\\functions\\node_modules\\firebase-functions\\lib\\index.js"} {"metadata":{"emulator":{"name":"functions"},"function":{"name":"api"},"message":"[runtime-status] [5752] Resolved module firebase-functions {\"declared\":true,\"installed\":true,\"version\":\"3.13.2\",\"resolution\":\"F:\\\\Studies\\\\Projects\\\\Clones\\\\AmazonClone\\\\amazon-clone\\\\functions\\\\node_modules\\\\firebase-functions\\\\lib\\\\index.js\"}"}}
[debug] [2021-05-28T20:21:51.834Z] [runtime-status] [5752] Checked functions.config() {"config":{}} {"metadata":{"emulator":{"name":"functions"},"function":{"name":"api"},"message":"[runtime-status] [5752] Checked functions.config() {\"config\":{}}"}}
[debug] [2021-05-28T20:21:51.836Z] [runtime-status] [5752] firebase-functions has been stubbed. {"functionsResolution":{"declared":true,"installed":true,"version":"3.13.2","resolution":"F:\\Studies\\Projects\\Clones\\AmazonClone\\amazon-clone\\functions\\node_modules\\firebase-functions\\lib\\index.js"}} {"metadata":{"emulator":{"name":"functions"},"function":{"name":"api"},"message":"[runtime-status] [5752] firebase-functions has been stubbed. {\"functionsResolution\":{\"declared\":true,\"installed\":true,\"version\":\"3.13.2\",\"resolution\":\"F:\\\\Studies\\\\Projects\\\\Clones\\\\AmazonClone\\\\amazon-clone\\\\functions\\\\node_modules\\\\firebase-functions\\\\lib\\\\index.js\"}}"}}
[debug] [2021-05-28T20:21:51.838Z] [runtime-status] [5752] Resolved module firebase-functions {"declared":true,"installed":true,"version":"3.13.2","resolution":"F:\\Studies\\Projects\\Clones\\AmazonClone\\amazon-clone\\functions\\node_modules\\firebase-functions\\lib\\index.js"} {"metadata":{"emulator":{"name":"functions"},"function":{"name":"api"},"message":"[runtime-status] [5752] Resolved module firebase-functions {\"declared\":true,\"installed\":true,\"version\":\"3.13.2\",\"resolution\":\"F:\\\\Studies\\\\Projects\\\\Clones\\\\AmazonClone\\\\amazon-clone\\\\functions\\\\node_modules\\\\firebase-functions\\\\lib\\\\index.js\"}"}}
[debug] [2021-05-28T20:21:51.840Z] [runtime-status] [5752] Resolved module firebase-admin {"declared":true,"installed":true,"version":"9.7.0","resolution":"F:\\Studies\\Projects\\Clones\\AmazonClone\\amazon-clone\\functions\\node_modules\\firebase-admin\\lib\\index.js"} {"metadata":{"emulator":{"name":"functions"},"function":{"name":"api"},"message":"[runtime-status] [5752] Resolved module firebase-admin {\"declared\":true,\"installed\":true,\"version\":\"9.7.0\",\"resolution\":\"F:\\\\Studies\\\\Projects\\\\Clones\\\\AmazonClone\\\\amazon-clone\\\\functions\\\\node_modules\\\\firebase-admin\\\\lib\\\\index.js\"}"}}
[debug] [2021-05-28T20:21:51.842Z] [runtime-status] [5752] Resolved module firebase-functions {"declared":true,"installed":true,"version":"3.13.2","resolution":"F:\\Studies\\Projects\\Clones\\AmazonClone\\amazon-clone\\functions\\node_modules\\firebase-functions\\lib\\index.js"} {"metadata":{"emulator":{"name":"functions"},"function":{"name":"api"},"message":"[runtime-status] [5752] Resolved module firebase-functions {\"declared\":true,\"installed\":true,\"version\":\"3.13.2\",\"resolution\":\"F:\\\\Studies\\\\Projects\\\\Clones\\\\AmazonClone\\\\amazon-clone\\\\functions\\\\node_modules\\\\firebase-functions\\\\lib\\\\index.js\"}"}}
[debug] [2021-05-28T20:21:51.842Z] [runtime-status] [5752] firebase-admin has been stubbed. {"adminResolution":{"declared":true,"installed":true,"version":"9.7.0","resolution":"F:\\Studies\\Projects\\Clones\\AmazonClone\\amazon-clone\\functions\\node_modules\\firebase-admin\\lib\\index.js"}} {"metadata":{"emulator":{"name":"functions"},"function":{"name":"api"},"message":"[runtime-status] [5752] firebase-admin has been stubbed. {\"adminResolution\":{\"declared\":true,\"installed\":true,\"version\":\"9.7.0\",\"resolution\":\"F:\\\\Studies\\\\Projects\\\\Clones\\\\AmazonClone\\\\amazon-clone\\\\functions\\\\node_modules\\\\firebase-admin\\\\lib\\\\index.js\"}}"}}
[debug] [2021-05-28T20:21:52.142Z] [runtime-status] [5752] Trigger "api" has been found, beginning invocation! {"metadata":{"emulator":{"name":"functions"},"function":{"name":"api"},"message":"[runtime-status] [5752] Trigger \"api\" has been found, beginning invocation!"}}
[info] i  functions: Beginning execution of "api" {"metadata":{"emulator":{"name":"functions"},"function":{"name":"api"},"message":"Beginning execution of \"api\""}}
[debug] [2021-05-28T20:21:52.143Z] [runtime-status] [5752] triggerDefinition {"httpsTrigger":{},"name":"api","entryPoint":"api"} {"metadata":{"emulator":{"name":"functions"},"function":{"name":"api"},"message":"[runtime-status] [5752] triggerDefinition {\"httpsTrigger\":{},\"name\":\"api\",\"entryPoint\":\"api\"}"}}
[debug] [2021-05-28T20:21:52.144Z] [runtime-status] [5752] Running api in mode HTTPS {"metadata":{"emulator":{"name":"functions"},"function":{"name":"api"},"message":"[runtime-status] [5752] Running api in mode HTTPS"}}
[debug] [2021-05-28T20:21:52.149Z] [runtime-status] [5752] Attempting to listen to socketPath: \\?\pipe\F:\Studies\Projects\Clones\AmazonClone\amazon-clone\functions\5752 {"metadata":{"emulator":{"name":"functions"},"function":{"name":"api"},"message":"[runtime-status] [5752] Attempting to listen to socketPath: \\\\?\\pipe\\F:\\Studies\\Projects\\Clones\\AmazonClone\\amazon-clone\\functions\\5752"}}
[debug] [2021-05-28T20:21:52.155Z] [functions] Runtime ready! Sending request! {"metadata":{"emulator":{"name":"functions"},"message":"[functions] Runtime ready! Sending request!"}}
[debug] [2021-05-28T20:21:52.155Z] [functions] Got req.url=/clone-4277b/us-central1/api/payments/create?total=32000, mapping to path=/payments/create?total=32000 {"metadata":{"emulator":{"name":"functions"},"message":"[functions] Got req.url=/clone-4277b/us-central1/api/payments/create?total=32000, mapping to path=/payments/create?total=32000"}}
[debug] [2021-05-28T20:21:52.173Z] [runtime-status] [5752] Ephemeral server handling POST request {"metadata":{"emulator":{"name":"functions"},"function":{"name":"api"},"message":"[runtime-status] [5752] Ephemeral server handling POST request"}}
[info] >  Payment Request Recieved BOOM!!! for this amount >>>  32000 {"user":"Payment Request Recieved BOOM!!! for this amount >>>  32000","metadata":{"emulator":{"name":"functions"},"function":{"name":"api"},"message":"\u001b[90m> \u001b[39m Payment Request Recieved BOOM!!! for this amount >>>  32000"}}
[debug] [2021-05-28T20:21:52.193Z] [runtime-status] [5752] Ephemeral server survived. {"metadata":{"emulator":{"name":"functions"},"function":{"name":"api"},"message":"[runtime-status] [5752] Ephemeral server survived."}}
[info] i  functions: Finished "api" in ~1s {"metadata":{"emulator":{"name":"functions"},"function":{"name":"api"},"message":"Finished \"api\" in ~1s"}}
[debug] [2021-05-28T20:21:53.280Z] [worker-api-d86e264d-e391-46fd-8002-933e43d13247]: IDLE {"metadata":{"emulator":{"name":"functions"},"message":"[worker-api-d86e264d-e391-46fd-8002-933e43d13247]: IDLE"}}
[debug] [2021-05-28T20:21:53.280Z] [work-queue] {"queueLength":0,"workRunningCount":1}
[warn] !  functions: Your function timed out after ~60s. To configure this timeout, see
      https://firebase.google.com/docs/functions/manage-functions#set_timeout_and_memory_allocation. {"metadata":{"emulator":{"name":"functions"},"function":{"name":"api"},"message":"Your function timed out after ~60s. To configure this timeout, see\n      https://firebase.google.com/docs/functions/manage-functions#set_timeout_and_memory_allocation."}}
[info] >  C:\Users\wwwsh\AppData\Roaming\npm\node_modules\firebase-tools\lib\emulator\functionsEmulatorRuntime.js:648 {"user":"C:\\Users\\wwwsh\\AppData\\Roaming\\npm\\node_modules\\firebase-tools\\lib\\emulator\\functionsEmulatorRuntime.js:648\r","metadata":{"emulator":{"name":"functions"},"function":{"name":"api"},"message":"\u001b[90m> \u001b[39m C:\\Users\\wwwsh\\AppData\\Roaming\\npm\\node_modules\\firebase-tools\\lib\\emulator\\functionsEmulatorRuntime.js:648\r"}}
[info] >              throw new Error("Function timed out."); {"user":"            throw new Error(\"Function timed out.\");\r","metadata":{"emulator":{"name":"functions"},"function":{"name":"api"},"message":"\u001b[90m> \u001b[39m             throw new Error(\"Function timed out.\");\r"}}
[info] >              ^ {"user":"            ^\r","metadata":{"emulator":{"name":"functions"},"function":{"name":"api"},"message":"\u001b[90m> \u001b[39m             ^\r"}}
[info] >   {"user":"\r","metadata":{"emulator":{"name":"functions"},"function":{"name":"api"},"message":"\u001b[90m> \u001b[39m \r"}}
[info] >  Error: Function timed out. {"user":"Error: Function timed out.\r","metadata":{"emulator":{"name":"functions"},"function":{"name":"api"},"message":"\u001b[90m> \u001b[39m Error: Function timed out.\r"}}
[info] >      at Timeout._onTimeout (C:\Users\wwwsh\AppData\Roaming\npm\node_modules\firebase-tools\lib\emulator\functionsEmulatorRuntime.js:648:19) {"user":"    at Timeout._onTimeout (C:\\Users\\wwwsh\\AppData\\Roaming\\npm\\node_modules\\firebase-tools\\lib\\emulator\\functionsEmulatorRuntime.js:648:19)\r","metadata":{"emulator":{"name":"functions"},"function":{"name":"api"},"message":"\u001b[90m> \u001b[39m     at Timeout._onTimeout (C:\\Users\\wwwsh\\AppData\\Roaming\\npm\\node_modules\\firebase-tools\\lib\\emulator\\functionsEmulatorRuntime.js:648:19)\r"}}
[info] >      at listOnTimeout (internal/timers.js:549:17) {"user":"    at listOnTimeout (internal/timers.js:549:17)\r","metadata":{"emulator":{"name":"functions"},"function":{"name":"api"},"message":"\u001b[90m> \u001b[39m     at listOnTimeout (internal/timers.js:549:17)\r"}}
[info] >      at processTimers (internal/timers.js:492:7) {"user":"    at processTimers (internal/timers.js:492:7)\r","metadata":{"emulator":{"name":"functions"},"function":{"name":"api"},"message":"\u001b[90m> \u001b[39m     at processTimers (internal/timers.js:492:7)\r"}}
[debug] [2021-05-28T20:21:53.515Z] [worker-api-3cda133a-796d-4f7f-816a-7783343edb9f]: exited {"metadata":{"emulator":{"name":"functions"},"message":"[worker-api-3cda133a-796d-4f7f-816a-7783343edb9f]: exited"}}
[debug] [2021-05-28T20:21:53.516Z] [worker-api-3cda133a-796d-4f7f-816a-7783343edb9f]: FINISHED {"metadata":{"emulator":{"name":"functions"},"message":"[worker-api-3cda133a-796d-4f7f-816a-7783343edb9f]: FINISHED"}}
[debug] [2021-05-28T20:21:53.516Z] [work-queue] {"queueLength":0,"workRunningCount":0}
[debug] [2021-05-28T20:22:02.182Z] [work-queue] {"queueLength":1,"workRunningCount":0}
[debug] [2021-05-28T20:22:02.182Z] [work-queue] {"queueLength":0,"workRunningCount":1}
[debug] [2021-05-28T20:22:02.183Z] Accepted request POST /clone-4277b/us-central1/api/payments/create?total=0 --> api
[debug] [2021-05-28T20:22:02.183Z] [worker-pool] Cleaned up workers for api: 2 --> 1 {"metadata":{"emulator":{"name":"functions"},"message":"[worker-pool] Cleaned up workers for api: 2 --> 1"}}
[debug] [2021-05-28T20:22:02.183Z] [worker-pool] submitWork(triggerId=api) {"metadata":{"emulator":{"name":"functions"},"message":"[worker-pool] submitWork(triggerId=api)"}}
[debug] [2021-05-28T20:22:02.184Z] [worker-api-d86e264d-e391-46fd-8002-933e43d13247]: Assigning socketPath: \\?\pipe\F:\Studies\Projects\Clones\AmazonClone\amazon-clone\functions\5752 {"metadata":{"emulator":{"name":"functions"},"message":"[worker-api-d86e264d-e391-46fd-8002-933e43d13247]: Assigning socketPath: \\\\?\\pipe\\F:\\Studies\\Projects\\Clones\\AmazonClone\\amazon-clone\\functions\\5752"}}
[debug] [2021-05-28T20:22:02.184Z] [worker-api-d86e264d-e391-46fd-8002-933e43d13247]: BUSY {"metadata":{"emulator":{"name":"functions"},"message":"[worker-api-d86e264d-e391-46fd-8002-933e43d13247]: BUSY"}}
[debug] [2021-05-28T20:22:02.186Z] [runtime-status] [5752] Trigger "api" has been found, beginning invocation! {"metadata":{"emulator":{"name":"functions"},"function":{"name":"api"},"message":"[runtime-status] [5752] Trigger \"api\" has been found, beginning invocation!"}}
[info] i  functions: Beginning execution of "api" {"metadata":{"emulator":{"name":"functions"},"function":{"name":"api"},"message":"Beginning execution of \"api\""}}
[debug] [2021-05-28T20:22:02.188Z] [runtime-status] [5752] triggerDefinition {"httpsTrigger":{},"name":"api","entryPoint":"api"} {"metadata":{"emulator":{"name":"functions"},"function":{"name":"api"},"message":"[runtime-status] [5752] triggerDefinition {\"httpsTrigger\":{},\"name\":\"api\",\"entryPoint\":\"api\"}"}}
[debug] [2021-05-28T20:22:02.188Z] [runtime-status] [5752] Running api in mode HTTPS {"metadata":{"emulator":{"name":"functions"},"function":{"name":"api"},"message":"[runtime-status] [5752] Running api in mode HTTPS"}}
[debug] [2021-05-28T20:22:02.189Z] [runtime-status] [5752] Attempting to listen to socketPath: \\?\pipe\F:\Studies\Projects\Clones\AmazonClone\amazon-clone\functions\5752 {"metadata":{"emulator":{"name":"functions"},"function":{"name":"api"},"message":"[runtime-status] [5752] Attempting to listen to socketPath: \\\\?\\pipe\\F:\\Studies\\Projects\\Clones\\AmazonClone\\amazon-clone\\functions\\5752"}}
[debug] [2021-05-28T20:22:02.191Z] [functions] Runtime ready! Sending request! {"metadata":{"emulator":{"name":"functions"},"message":"[functions] Runtime ready! Sending request!"}}
[debug] [2021-05-28T20:22:02.192Z] [functions] Got req.url=/clone-4277b/us-central1/api/payments/create?total=0, mapping to path=/payments/create?total=0 {"metadata":{"emulator":{"name":"functions"},"message":"[functions] Got req.url=/clone-4277b/us-central1/api/payments/create?total=0, mapping to path=/payments/create?total=0"}}
[debug] [2021-05-28T20:22:02.199Z] [runtime-status] [5752] Ephemeral server handling POST request {"metadata":{"emulator":{"name":"functions"},"function":{"name":"api"},"message":"[runtime-status] [5752] Ephemeral server handling POST request"}}
[info] >  Payment Request Recieved BOOM!!! for this amount >>>  0 {"user":"Payment Request Recieved BOOM!!! for this amount >>>  0","metadata":{"emulator":{"name":"functions"},"function":{"name":"api"},"message":"\u001b[90m> \u001b[39m Payment Request Recieved BOOM!!! for this amount >>>  0"}}
[debug] [2021-05-28T20:22:02.203Z] [runtime-status] [5752] Ephemeral server survived. {"metadata":{"emulator":{"name":"functions"},"function":{"name":"api"},"message":"[runtime-status] [5752] Ephemeral server survived."}}
[info] >  (node:5752) UnhandledPromiseRejectionWarning: Error: This value must be greater than or equal to 1. {"user":"(node:5752) UnhandledPromiseRejectionWarning: Error: This value must be greater than or equal to 1.","metadata":{"emulator":{"name":"functions"},"function":{"name":"api"},"message":"\u001b[90m> \u001b[39m (node:5752) UnhandledPromiseRejectionWarning: Error: This value must be greater than or equal to 1."}}
[info] >      at Function.generate (F:\Studies\Projects\Clones\AmazonClone\amazon-clone\functions\node_modules\stripe\lib\Error.js:40:16) {"user":"    at Function.generate (F:\\Studies\\Projects\\Clones\\AmazonClone\\amazon-clone\\functions\\node_modules\\stripe\\lib\\Error.js:40:16)","metadata":{"emulator":{"name":"functions"},"function":{"name":"api"},"message":"\u001b[90m> \u001b[39m     at Function.generate (F:\\Studies\\Projects\\Clones\\AmazonClone\\amazon-clone\\functions\\node_modules\\stripe\\lib\\Error.js:40:16)"}}
[info] >      at IncomingMessage.<anonymous> (F:\Studies\Projects\Clones\AmazonClone\amazon-clone\functions\node_modules\stripe\lib\StripeResource.js:180:33) {"user":"    at IncomingMessage.<anonymous> (F:\\Studies\\Projects\\Clones\\AmazonClone\\amazon-clone\\functions\\node_modules\\stripe\\lib\\StripeResource.js:180:33)","metadata":{"emulator":{"name":"functions"},"function":{"name":"api"},"message":"\u001b[90m> \u001b[39m     at IncomingMessage.<anonymous> (F:\\Studies\\Projects\\Clones\\AmazonClone\\amazon-clone\\functions\\node_modules\\stripe\\lib\\StripeResource.js:180:33)"}}
[info] >      at Object.onceWrapper (events.js:421:28) {"user":"    at Object.onceWrapper (events.js:421:28)","metadata":{"emulator":{"name":"functions"},"function":{"name":"api"},"message":"\u001b[90m> \u001b[39m     at Object.onceWrapper (events.js:421:28)"}}
[info] >      at IncomingMessage.emit (events.js:327:22) {"user":"    at IncomingMessage.emit (events.js:327:22)","metadata":{"emulator":{"name":"functions"},"function":{"name":"api"},"message":"\u001b[90m> \u001b[39m     at IncomingMessage.emit (events.js:327:22)"}}
[info] >      at endReadableNT (_stream_readable.js:1221:12) {"user":"    at endReadableNT (_stream_readable.js:1221:12)","metadata":{"emulator":{"name":"functions"},"function":{"name":"api"},"message":"\u001b[90m> \u001b[39m     at endReadableNT (_stream_readable.js:1221:12)"}}
[info] >      at processTicksAndRejections (internal/process/task_queues.js:84:21) {"user":"    at processTicksAndRejections (internal/process/task_queues.js:84:21)","metadata":{"emulator":{"name":"functions"},"function":{"name":"api"},"message":"\u001b[90m> \u001b[39m     at processTicksAndRejections (internal/process/task_queues.js:84:21)"}}
[info] >  (node:5752) UnhandledPromiseRejectionWarning: Unhandled promise rejection. This error originated either by throwing inside of an async function without a catch block, or by rejecting a promise which was not handled with .catch(). To terminate the node process on unhandled promise rejection, use the CLI flag `--unhandled-rejections=strict` (see https://nodejs.org/api/cli.html#cli_unhandled_rejections_mode). (rejection id: 1) {"user":"(node:5752) UnhandledPromiseRejectionWarning: Unhandled promise rejection. This error originated either by throwing inside of an async function without a catch block, or by rejecting a promise which was not handled with .catch(). To terminate the node process on unhandled promise rejection, use the CLI flag `--unhandled-rejections=strict` (see https://nodejs.org/api/cli.html#cli_unhandled_rejections_mode). (rejection id: 1)","metadata":{"emulator":{"name":"functions"},"function":{"name":"api"},"message":"\u001b[90m> \u001b[39m (node:5752) UnhandledPromiseRejectionWarning: Unhandled promise rejection. This error originated either by throwing inside of an async function without a catch block, or by rejecting a promise which was not handled with .catch(). To terminate the node process on unhandled promise rejection, use the CLI flag `--unhandled-rejections=strict` (see https://nodejs.org/api/cli.html#cli_unhandled_rejections_mode). (rejection id: 1)"}}
[info] >  (node:5752) [DEP0018] DeprecationWarning: Unhandled promise rejections are deprecated. In the future, promise rejections that are not handled will terminate the Node.js process with a non-zero exit code. {"user":"(node:5752) [DEP0018] DeprecationWarning: Unhandled promise rejections are deprecated. In the future, promise rejections that are not handled will terminate the Node.js process with a non-zero exit code.","metadata":{"emulator":{"name":"functions"},"function":{"name":"api"},"message":"\u001b[90m> \u001b[39m (node:5752) [DEP0018] DeprecationWarning: Unhandled promise rejections are deprecated. In the future, promise rejections that are not handled will terminate the Node.js process with a non-zero exit code."}}
[warn] !  functions: Your function timed out after ~60s. To configure this timeout, see
      https://firebase.google.com/docs/functions/manage-functions#set_timeout_and_memory_allocation. {"metadata":{"emulator":{"name":"functions"},"function":{"name":"api"},"message":"Your function timed out after ~60s. To configure this timeout, see\n      https://firebase.google.com/docs/functions/manage-functions#set_timeout_and_memory_allocation."}}
[info] >  C:\Users\wwwsh\AppData\Roaming\npm\node_modules\firebase-tools\lib\emulator\functionsEmulatorRuntime.js:648 {"user":"C:\\Users\\wwwsh\\AppData\\Roaming\\npm\\node_modules\\firebase-tools\\lib\\emulator\\functionsEmulatorRuntime.js:648\r","metadata":{"emulator":{"name":"functions"},"function":{"name":"api"},"message":"\u001b[90m> \u001b[39m C:\\Users\\wwwsh\\AppData\\Roaming\\npm\\node_modules\\firebase-tools\\lib\\emulator\\functionsEmulatorRuntime.js:648\r"}}
[info] >              throw new Error("Function timed out."); {"user":"            throw new Error(\"Function timed out.\");\r","metadata":{"emulator":{"name":"functions"},"function":{"name":"api"},"message":"\u001b[90m> \u001b[39m             throw new Error(\"Function timed out.\");\r"}}
[info] >              ^ {"user":"            ^\r","metadata":{"emulator":{"name":"functions"},"function":{"name":"api"},"message":"\u001b[90m> \u001b[39m             ^\r"}}
[info] >   {"user":"\r","metadata":{"emulator":{"name":"functions"},"function":{"name":"api"},"message":"\u001b[90m> \u001b[39m \r"}}
[info] >  Error: Function timed out. {"user":"Error: Function timed out.\r","metadata":{"emulator":{"name":"functions"},"function":{"name":"api"},"message":"\u001b[90m> \u001b[39m Error: Function timed out.\r"}}
[info] >      at Timeout._onTimeout (C:\Users\wwwsh\AppData\Roaming\npm\node_modules\firebase-tools\lib\emulator\functionsEmulatorRuntime.js:648:19) {"user":"    at Timeout._onTimeout (C:\\Users\\wwwsh\\AppData\\Roaming\\npm\\node_modules\\firebase-tools\\lib\\emulator\\functionsEmulatorRuntime.js:648:19)\r","metadata":{"emulator":{"name":"functions"},"function":{"name":"api"},"message":"\u001b[90m> \u001b[39m     at Timeout._onTimeout (C:\\Users\\wwwsh\\AppData\\Roaming\\npm\\node_modules\\firebase-tools\\lib\\emulator\\functionsEmulatorRuntime.js:648:19)\r"}}
[info] >      at listOnTimeout (internal/timers.js:549:17) {"user":"    at listOnTimeout (internal/timers.js:549:17)\r","metadata":{"emulator":{"name":"functions"},"function":{"name":"api"},"message":"\u001b[90m> \u001b[39m     at listOnTimeout (internal/timers.js:549:17)\r"}}
[info] >      at processTimers (internal/timers.js:492:7) {"user":"    at processTimers (internal/timers.js:492:7)\r","metadata":{"emulator":{"name":"functions"},"function":{"name":"api"},"message":"\u001b[90m> \u001b[39m     at processTimers (internal/timers.js:492:7)\r"}}
[debug] [2021-05-28T20:23:02.236Z] [worker-api-d86e264d-e391-46fd-8002-933e43d13247]: exited {"metadata":{"emulator":{"name":"functions"},"message":"[worker-api-d86e264d-e391-46fd-8002-933e43d13247]: exited"}}
[debug] [2021-05-28T20:23:02.236Z] [worker-api-d86e264d-e391-46fd-8002-933e43d13247]: FINISHED {"metadata":{"emulator":{"name":"functions"},"message":"[worker-api-d86e264d-e391-46fd-8002-933e43d13247]: FINISHED"}}
[debug] [2021-05-28T20:23:02.237Z] [work-queue] {"queueLength":0,"workRunningCount":0}
