[debug] [2021-04-29T13:36:01.519Z] ----------------------------------------------------------------------
[debug] [2021-04-29T13:36:01.522Z] Command:       C:\Program Files\nodejs\node.exe C:\Users\wwwsh\AppData\Roaming\npm\node_modules\firebase-tools\lib\bin\firebase.js deploy --only hosting
[debug] [2021-04-29T13:36:01.523Z] CLI Version:   9.10.0
[debug] [2021-04-29T13:36:01.523Z] Platform:      win32
[debug] [2021-04-29T13:36:01.523Z] Node Version:  v12.18.2
[debug] [2021-04-29T13:36:01.525Z] Time:          Thu Apr 29 2021 19:06:01 GMT+0530 (India Standard Time)
[debug] [2021-04-29T13:36:01.526Z] ----------------------------------------------------------------------
[debug] 
[debug] [2021-04-29T13:36:01.539Z] > command requires scopes: ["email","openid","https://www.googleapis.com/auth/cloudplatformprojects.readonly","https://www.googleapis.com/auth/firebase","https://www.googleapis.com/auth/cloud-platform"]
[debug] [2021-04-29T13:36:01.539Z] > authorizing via signed-in user (shikhar.17.srivastava@st.niituniversity.in)
[debug] [2021-04-29T13:36:01.539Z] [iam] checking project clone-4277b for permissions ["firebase.projects.get","firebasehosting.sites.update"]
[debug] [2021-04-29T13:36:01.542Z] > refreshing access token with scopes: ["email","https://www.googleapis.com/auth/cloud-platform","https://www.googleapis.com/auth/cloudplatformprojects.readonly","https://www.googleapis.com/auth/firebase","openid"]
[debug] [2021-04-29T13:36:01.543Z] >>> HTTP REQUEST POST https://www.googleapis.com/oauth2/v3/token  
 <request body omitted>
[debug] [2021-04-29T13:36:02.114Z] <<< HTTP RESPONSE 200 {"cache-control":"no-cache, no-store, max-age=0, must-revalidate","date":"Thu, 29 Apr 2021 13:36:01 GMT","pragma":"no-cache","expires":"Mon, 01 Jan 1990 00:00:00 GMT","content-type":"application/json; charset=utf-8","vary":"X-Origin, Referer, Origin,Accept-Encoding","server":"scaffolding on HTTPServer2","x-xss-protection":"0","x-frame-options":"SAMEORIGIN","x-content-type-options":"nosniff","alt-svc":"h3-29=\":443\"; ma=2592000,h3-T051=\":443\"; ma=2592000,h3-Q050=\":443\"; ma=2592000,h3-Q046=\":443\"; ma=2592000,h3-Q043=\":443\"; ma=2592000,quic=\":443\"; ma=2592000; v=\"46,43\"","accept-ranges":"none","transfer-encoding":"chunked"}
[debug] [2021-04-29T13:36:02.144Z] >>> HTTP REQUEST POST https://cloudresourcemanager.googleapis.com/v1/projects/clone-4277b:testIamPermissions  
 {"permissions":["firebase.projects.get","firebasehosting.sites.update"]}
[debug] [2021-04-29T13:36:04.196Z] <<< HTTP RESPONSE 200 {"content-type":"application/json; charset=UTF-8","vary":"X-Origin, Referer, Origin,Accept-Encoding","date":"Thu, 29 Apr 2021 13:36:03 GMT","server":"ESF","cache-control":"private","x-xss-protection":"0","x-frame-options":"SAMEORIGIN","x-content-type-options":"nosniff","server-timing":"gfet4t7; dur=1353","alt-svc":"h3-29=\":443\"; ma=2592000,h3-T051=\":443\"; ma=2592000,h3-Q050=\":443\"; ma=2592000,h3-Q046=\":443\"; ma=2592000,h3-Q043=\":443\"; ma=2592000,quic=\":443\"; ma=2592000; v=\"46,43\"","accept-ranges":"none","transfer-encoding":"chunked"}
[debug] [2021-04-29T13:36:04.199Z] > refreshing access token with scopes: []
[debug] [2021-04-29T13:36:04.199Z] >>> HTTP REQUEST POST https://www.googleapis.com/oauth2/v3/token  
 <request body omitted>
[debug] [2021-04-29T13:36:04.545Z] <<< HTTP RESPONSE 200 {"date":"Thu, 29 Apr 2021 13:36:03 GMT","pragma":"no-cache","cache-control":"no-cache, no-store, max-age=0, must-revalidate","expires":"Mon, 01 Jan 1990 00:00:00 GMT","content-type":"application/json; charset=utf-8","vary":"X-Origin, Referer, Origin,Accept-Encoding","server":"scaffolding on HTTPServer2","x-xss-protection":"0","x-frame-options":"SAMEORIGIN","x-content-type-options":"nosniff","alt-svc":"h3-29=\":443\"; ma=2592000,h3-T051=\":443\"; ma=2592000,h3-Q050=\":443\"; ma=2592000,h3-Q046=\":443\"; ma=2592000,h3-Q043=\":443\"; ma=2592000,quic=\":443\"; ma=2592000; v=\"46,43\"","accept-ranges":"none","transfer-encoding":"chunked"}
[debug] [2021-04-29T13:36:04.563Z] >>> [apiv2][query] GET https://firebase.googleapis.com/v1beta1/projects/clone-4277b [none]
[debug] [2021-04-29T13:36:05.251Z] <<< [apiv2][status] GET https://firebase.googleapis.com/v1beta1/projects/clone-4277b 200
